2024-05-25 12:51:57,160 NIHAR BALASAHEB JACHAK
B.E. - Computer Science & Engineering
Ph: +91-7620280669
Email: niharjachak.nbnssoe.comp@gmail.com
Pune City, Maharashtra, India - 411016 
EDUCATION
2020  -  2024 NBN Sinhgad School Of Engineering, Pune
B.E. - Computer Science & Engineering | CGPA: 8.96 / 10
2020 Rao Junior College Of Science
12th | MSBSHSE | Percentage: 63.08 / 100
2018 Vikhe Patil Memorial School
10th | CBSE | Percentage: 80.20 / 100
INTERNSHIPS
05 Sep, 2022  - 13 Oct, 2022  OASIS INFOBYTE
Java Developer
Key Skills: Java
PROJECTS
ATM INTERFACE
Team Size: 1
Key Skills: Core Java OOPs
Project Link:  https://github.com/niharjachak/OIBSIP/blob/main/task3.java
Developed a project imitating the real time application of an ATM Machine.
Number Guessing Game
Team Size: 1
Key Skills: Core Java
Project Link:  https://github.com/niharjachak/OIBSIP/blob/main/NumberGuess.java
This Java program generates a random number between 1 and 100 and allows the user to guess the number within 5 attempts. If all
attempts are exhausted, the program reveals the correct number.
Chat Application
Team Size: 1
Key Skills: OOPs Socket Programming Exception Handling
A basic chat application developed in Java, utilizing Swing to create the graphical user interface.
It facilitates seamless communication between a client and a server over a local network, enabling users to exchange messages in
real-time.
SEMINARS / TRAININGS / WORKSHOPS
Completion Of C Training Institute Name: Spoken Tutorial IIT Bombay
Key Skills: C
Completion of Java Training
Institute Name: EduComp Softtech
Key Skills: Core Java
Data Structures & Algorithms Using Java
Institute Name: EduComp Softtech
Key Skills: Problem Solving JavaGender: Male
Marital Status: Single
Current Address: Flt-355, Bldg-6,LIG Colony, Nr Niljyoti
Society,Gokhalenagar, Pune, Pune City, Maharashtra, India -
411016Date of Birth: 22 Oct, 2002
Known Languages: English , Marathi , Hindi
Phone Numbers: +91-7620280669, +91-9850666788
Emails: niharjachak.nbnssoe.comp@gmail.com , nihar.jachak@gmail.comCO-CURRICULAR ACTIVITIES
Participated in SIH Hackathon 2022
EXTRA CURRICULAR ACTIVITIES
Team Member - NBNSSOE Football Team : A dedicated member of the college football team, showcasing commitment, teamwork
and sportsmanship
Event Volunteer : Actively volunteered in the management of various events in the College
PERSONAL INTERESTS / HOBBIES
Playing football
Trekking
WEB LINKS / IMs
Other - https://www.linkedin.com/in/nihar-jachak-200117212
Other - https://auth.geeksforgeeks.org/user/niharjachak/
PERSONAL DETAILS
2024-05-25 12:51:57,211 127.0.0.1 - - [25/May/2024 12:51:57] "[35m[1mPOST /api/resume-parser HTTP/1.1[0m" 500 -
2024-05-25 12:52:08,348 NIHAR BALASAHEB JACHAK
B.E. - Computer Science & Engineering
Ph: +91-7620280669
Email: niharjachak.nbnssoe.comp@gmail.com
Pune City, Maharashtra, India - 411016 
EDUCATION
2020  -  2024 NBN Sinhgad School Of Engineering, Pune
B.E. - Computer Science & Engineering | CGPA: 8.96 / 10
2020 Rao Junior College Of Science
12th | MSBSHSE | Percentage: 63.08 / 100
2018 Vikhe Patil Memorial School
10th | CBSE | Percentage: 80.20 / 100
INTERNSHIPS
05 Sep, 2022  - 13 Oct, 2022  OASIS INFOBYTE
Java Developer
Key Skills: Java
PROJECTS
ATM INTERFACE
Team Size: 1
Key Skills: Core Java OOPs
Project Link:  https://github.com/niharjachak/OIBSIP/blob/main/task3.java
Developed a project imitating the real time application of an ATM Machine.
Number Guessing Game
Team Size: 1
Key Skills: Core Java
Project Link:  https://github.com/niharjachak/OIBSIP/blob/main/NumberGuess.java
This Java program generates a random number between 1 and 100 and allows the user to guess the number within 5 attempts. If all
attempts are exhausted, the program reveals the correct number.
Chat Application
Team Size: 1
Key Skills: OOPs Socket Programming Exception Handling
A basic chat application developed in Java, utilizing Swing to create the graphical user interface.
It facilitates seamless communication between a client and a server over a local network, enabling users to exchange messages in
real-time.
SEMINARS / TRAININGS / WORKSHOPS
Completion Of C Training Institute Name: Spoken Tutorial IIT Bombay
Key Skills: C
Completion of Java Training
Institute Name: EduComp Softtech
Key Skills: Core Java
Data Structures & Algorithms Using Java
Institute Name: EduComp Softtech
Key Skills: Problem Solving JavaGender: Male
Marital Status: Single
Current Address: Flt-355, Bldg-6,LIG Colony, Nr Niljyoti
Society,Gokhalenagar, Pune, Pune City, Maharashtra, India -
411016Date of Birth: 22 Oct, 2002
Known Languages: English , Marathi , Hindi
Phone Numbers: +91-7620280669, +91-9850666788
Emails: niharjachak.nbnssoe.comp@gmail.com , nihar.jachak@gmail.comCO-CURRICULAR ACTIVITIES
Participated in SIH Hackathon 2022
EXTRA CURRICULAR ACTIVITIES
Team Member - NBNSSOE Football Team : A dedicated member of the college football team, showcasing commitment, teamwork
and sportsmanship
Event Volunteer : Actively volunteered in the management of various events in the College
PERSONAL INTERESTS / HOBBIES
Playing football
Trekking
WEB LINKS / IMs
Other - https://www.linkedin.com/in/nihar-jachak-200117212
Other - https://auth.geeksforgeeks.org/user/niharjachak/
PERSONAL DETAILS
2024-05-25 12:52:08,350 127.0.0.1 - - [25/May/2024 12:52:08] "[35m[1mPOST /api/resume-parser HTTP/1.1[0m" 500 -
2024-05-25 12:52:52,076 127.0.0.1 - - [25/May/2024 12:52:52] "OPTIONS /api/predict-student-placement HTTP/1.1" 200 -
2024-05-25 12:52:52,078 127.0.0.1 - - [25/May/2024 12:52:52] "OPTIONS /api/recommendSkills HTTP/1.1" 200 -
2024-05-25 12:52:52,395 127.0.0.1 - - [25/May/2024 12:52:52] "POST /api/predict-student-placement HTTP/1.1" 200 -
2024-05-25 12:52:54,292 127.0.0.1 - - [25/May/2024 12:52:54] "POST /api/recommendSkills HTTP/1.1" 200 -
2024-05-25 12:53:42,151 127.0.0.1 - - [25/May/2024 12:53:42] "OPTIONS /api/predict-student-placement HTTP/1.1" 200 -
2024-05-25 12:53:42,458 127.0.0.1 - - [25/May/2024 12:53:42] "OPTIONS /api/recommendSkills HTTP/1.1" 200 -
2024-05-25 12:53:42,476 127.0.0.1 - - [25/May/2024 12:53:42] "POST /api/predict-student-placement HTTP/1.1" 200 -
2024-05-25 12:53:45,494 127.0.0.1 - - [25/May/2024 12:53:45] "POST /api/recommendSkills HTTP/1.1" 200 -
2024-05-25 12:54:18,828 127.0.0.1 - - [25/May/2024 12:54:18] "OPTIONS /api/predict-student-placement HTTP/1.1" 200 -
2024-05-25 12:54:18,832 127.0.0.1 - - [25/May/2024 12:54:18] "OPTIONS /api/recommendSkills HTTP/1.1" 200 -
2024-05-25 12:54:19,087 127.0.0.1 - - [25/May/2024 12:54:19] "POST /api/predict-student-placement HTTP/1.1" 200 -
2024-05-25 12:54:20,916 127.0.0.1 - - [25/May/2024 12:54:20] "POST /api/recommendSkills HTTP/1.1" 200 -
2024-05-25 12:54:53,301 127.0.0.1 - - [25/May/2024 12:54:53] "OPTIONS /api/predict-student-placement HTTP/1.1" 200 -
2024-05-25 12:54:53,606 127.0.0.1 - - [25/May/2024 12:54:53] "OPTIONS /api/recommendSkills HTTP/1.1" 200 -
2024-05-25 12:54:53,623 127.0.0.1 - - [25/May/2024 12:54:53] "POST /api/predict-student-placement HTTP/1.1" 200 -
2024-05-25 12:54:56,654 127.0.0.1 - - [25/May/2024 12:54:56] "POST /api/recommendSkills HTTP/1.1" 200 -
